Using pre-set license
Built from '2020.3/staging' branch; Version is '2020.3.18f1 (a7d1c678663c) revision 10998214'; Using compiler version '192528614'; Build Type 'Release'
OS: 'Windows 10 Home; OS build 19043.1237; Version 2009; 64bit' Language: 'en' Physical Memory: 32710 MB
BatchMode: 1, IsHumanControllingUs: 0, StartBugReporterOnCrash: 0, Is64bit: 1, IsPro: 0

COMMAND LINE ARGUMENTS:
C:\Program Files\Unity\Hub\Editor\2020.3.18f1\Editor\Unity.exe
-adb2
-batchMode
-noUpm
-name
AssetImportWorker0
-projectPath
D:/SnakesandHawks/SnakesAndHawksUnity
-logFile
Logs/AssetImportWorker0.log
-srvPort
52669
Successfully changed project path to: D:/SnakesandHawks/SnakesAndHawksUnity
D:/SnakesandHawks/SnakesAndHawksUnity
Using Asset Import Pipeline V2.
Refreshing native plugins compatible for Editor in 30.90 ms, found 3 plugins.
Preloading 0 native plugins for Editor in 0.00 ms.
Initialize engine version: 2020.3.18f1 (a7d1c678663c)
[Subsystems] Discovering subsystems at path C:/Program Files/Unity/Hub/Editor/2020.3.18f1/Editor/Data/Resources/UnitySubsystems
[Subsystems] Discovering subsystems at path D:/SnakesandHawks/SnakesAndHawksUnity/Assets
GfxDevice: creating device client; threaded=0
Direct3D:
    Version:  Direct3D 11.0 [level 11.1]
    Renderer: NVIDIA GeForce RTX 3070 (ID=0x2484)
    Vendor:   
    VRAM:     8043 MB
    Driver:   30.0.14.7196
Initialize mono
Mono path[0] = 'C:/Program Files/Unity/Hub/Editor/2020.3.18f1/Editor/Data/Managed'
Mono path[1] = 'C:/Program Files/Unity/Hub/Editor/2020.3.18f1/Editor/Data/MonoBleedingEdge/lib/mono/unityjit'
Mono config path = 'C:/Program Files/Unity/Hub/Editor/2020.3.18f1/Editor/Data/MonoBleedingEdge/etc'
Using monoOptions --debugger-agent=transport=dt_socket,embedding=1,server=y,suspend=n,address=127.0.0.1:56928
Begin MonoManager ReloadAssembly
Registering precompiled unity dll's ...
Register platform support module: C:/Program Files/Unity/Hub/Editor/2020.3.18f1/Editor/Data/PlaybackEngines/WebGLSupport/UnityEditor.WebGL.Extensions.dll
Register platform support module: C:/Program Files/Unity/Hub/Editor/2020.3.18f1/Editor/Data/PlaybackEngines/MacStandaloneSupport/UnityEditor.OSXStandalone.Extensions.dll
Register platform support module: C:/Program Files/Unity/Hub/Editor/2020.3.18f1/Editor/Data/PlaybackEngines/WindowsStandaloneSupport/UnityEditor.WindowsStandalone.Extensions.dll
Registered in 0.001861 seconds.
Native extension for WindowsStandalone target not found
Native extension for OSXStandalone target not found
Native extension for WebGL target not found
Refreshing native plugins compatible for Editor in 30.37 ms, found 3 plugins.
Preloading 0 native plugins for Editor in 0.00 ms.
Mono: successfully reloaded assembly
- Completed reload, in  1.353 seconds
Domain Reload Profiling:
	ReloadAssembly (1353ms)
		BeginReloadAssembly (39ms)
			ExecutionOrderSort (0ms)
			DisableScriptedObjects (0ms)
			BackupInstance (0ms)
			ReleaseScriptingObjects (0ms)
			CreateAndSetChildDomain (1ms)
		EndReloadAssembly (307ms)
			LoadAssemblies (38ms)
			RebuildTransferFunctionScriptingTraits (0ms)
			SetupTypeCache (111ms)
			ReleaseScriptCaches (0ms)
			RebuildScriptCaches (23ms)
			SetupLoadedEditorAssemblies (127ms)
				LogAssemblyErrors (0ms)
				InitializePlatformSupportModulesInManaged (4ms)
				SetLoadedEditorAssemblies (0ms)
				RefreshPlugins (30ms)
				BeforeProcessingInitializeOnLoad (9ms)
				ProcessInitializeOnLoadAttributes (61ms)
				ProcessInitializeOnLoadMethodAttributes (22ms)
				AfterProcessingInitializeOnLoad (0ms)
				EditorAssembliesLoaded (0ms)
			ExecutionOrderSort2 (0ms)
			AwakeInstancesAfterBackupRestoration (0ms)
Platform modules already initialized, skipping
Registering precompiled user dll's ...
Registered in 0.001342 seconds.
Begin MonoManager ReloadAssembly
Native extension for WindowsStandalone target not found
Native extension for OSXStandalone target not found
Native extension for WebGL target not found
Refreshing native plugins compatible for Editor in 30.40 ms, found 3 plugins.
Preloading 0 native plugins for Editor in 0.00 ms.
Mono: successfully reloaded assembly
- Completed reload, in  0.790 seconds
Domain Reload Profiling:
	ReloadAssembly (791ms)
		BeginReloadAssembly (106ms)
			ExecutionOrderSort (0ms)
			DisableScriptedObjects (3ms)
			BackupInstance (0ms)
			ReleaseScriptingObjects (0ms)
			CreateAndSetChildDomain (14ms)
		EndReloadAssembly (641ms)
			LoadAssemblies (63ms)
			RebuildTransferFunctionScriptingTraits (0ms)
			SetupTypeCache (209ms)
			ReleaseScriptCaches (0ms)
			RebuildScriptCaches (35ms)
			SetupLoadedEditorAssemblies (248ms)
				LogAssemblyErrors (0ms)
				InitializePlatformSupportModulesInManaged (4ms)
				SetLoadedEditorAssemblies (0ms)
				RefreshPlugins (30ms)
				BeforeProcessingInitializeOnLoad (53ms)
				ProcessInitializeOnLoadAttributes (147ms)
				ProcessInitializeOnLoadMethodAttributes (9ms)
				AfterProcessingInitializeOnLoad (4ms)
				EditorAssembliesLoaded (0ms)
			ExecutionOrderSort2 (0ms)
			AwakeInstancesAfterBackupRestoration (5ms)
Platform modules already initialized, skipping
========================================================================
Worker process is ready to serve import requests
Launched and connected shader compiler UnityShaderCompiler.exe after 0.06 seconds
Refreshing native plugins compatible for Editor in 0.44 ms, found 3 plugins.
Preloading 0 native plugins for Editor in 0.00 ms.
Unloading 2090 Unused Serialized files (Serialized files now loaded: 0)
System memory in use before: 93.0 MB.
System memory in use after: 93.1 MB.

Unloading 26 unused Assets to reduce memory usage. Loaded Objects now: 2529.
Total: 2.734600 ms (FindLiveObjects: 0.179500 ms CreateObjectMapping: 0.052900 ms MarkObjects: 2.413600 ms  DeleteObjects: 0.087900 ms)

AssetImportParameters requested are different than current active one (requested -> active):
  custom:framework-win-MediaFoundation: 216162199b28c13a410421893ffa2e32 -> 
  custom:video-decoder-ogg-theora: a1e56fd34408186e4bbccfd4996cb3dc -> 
  custom:container-muxer-webm: aa71ff27fc2769a1b78a27578f13a17b -> 
  custom:container-demuxer-webm: 4f35f7cbe854078d1ac9338744f61a02 -> 
  custom:container-demuxer-ogg: 62fdf1f143b41e24485cea50d1cbac27 -> 
  custom:video-encoder-webm-vp8: eb34c28f22e8b96e1ab97ce403110664 -> 
  custom:video-decoder-webm-vp8: 9c59270c3fd7afecdb556c50c9e8de78 -> 
  custom:audio-decoder-ogg-vorbis: bf7c407c2cedff20999df2af8eb42d56 -> 
  custom:audio-encoder-webm-vorbis: bf7c407c2cedff20999df2af8eb42d56 -> 
========================================================================
Received Import Request.
  path: Assets
  artifactKey: Guid(00000000000000001000000000000000) Importer(815301076,1909f56bfc062723c751e8b465ee728b)
Start importing Assets using Guid(00000000000000001000000000000000) Importer(815301076,1909f56bfc062723c751e8b465ee728b)  -> (artifact id: '42d402b061de3733987d63b9cc3b64de') in 0.006206 seconds 
  Import took 0.008346 seconds .

========================================================================
Received Import Request.
  Time since last request: 10.462823 seconds.
  path: Assets/Images
  artifactKey: Guid(c83ac3dc86744b2488e1a3cdcdb2f9e0) Importer(815301076,1909f56bfc062723c751e8b465ee728b)
Start importing Assets/Images using Guid(c83ac3dc86744b2488e1a3cdcdb2f9e0) Importer(815301076,1909f56bfc062723c751e8b465ee728b)  -> (artifact id: '004cb457cc23208c9a868f2930fb3d9e') in 0.005017 seconds 
  Import took 0.008055 seconds .

========================================================================
Received Import Request.
  Time since last request: 2.964426 seconds.
  path: Assets/Scenes
  artifactKey: Guid(25c48d0f52ee5254d80621b42451ba74) Importer(815301076,1909f56bfc062723c751e8b465ee728b)
Start importing Assets/Scenes using Guid(25c48d0f52ee5254d80621b42451ba74) Importer(815301076,1909f56bfc062723c751e8b465ee728b)  -> (artifact id: '8f345e8e7f162d1dddd9ee9f0c98a70e') in 0.004950 seconds 
  Import took 0.007633 seconds .

========================================================================
Received Import Request.
  Time since last request: 57.543646 seconds.
  path: Assets/Images/b01.png
  artifactKey: Guid(86f6403441c386a48a96dab2dbddb14c) Importer(815301076,1909f56bfc062723c751e8b465ee728b)
Start importing Assets/Images/b01.png using Guid(86f6403441c386a48a96dab2dbddb14c) Importer(815301076,1909f56bfc062723c751e8b465ee728b)  -> (artifact id: '83b5daa552d7d99da39ecd827c09653f') in 0.077038 seconds 
  Import took 0.079688 seconds .

========================================================================
Received Import Request.
  Time since last request: 0.000238 seconds.
  path: Assets/Images/b13.png
  artifactKey: Guid(c6f0b5952a681414aac7108664505c3f) Importer(815301076,1909f56bfc062723c751e8b465ee728b)
Start importing Assets/Images/b13.png using Guid(c6f0b5952a681414aac7108664505c3f) Importer(815301076,1909f56bfc062723c751e8b465ee728b)  -> (artifact id: 'c015ce49b75f2985f38af8b9c0f9cc0e') in 0.013761 seconds 
  Import took 0.016060 seconds .

========================================================================
Received Import Request.
  Time since last request: 0.000206 seconds.
  path: Assets/Images/g04.png
  artifactKey: Guid(a93336ecbfdbffe4a9451fdcc194b5ed) Importer(815301076,1909f56bfc062723c751e8b465ee728b)
Start importing Assets/Images/g04.png using Guid(a93336ecbfdbffe4a9451fdcc194b5ed) Importer(815301076,1909f56bfc062723c751e8b465ee728b)  -> (artifact id: 'a614f270cc50fde095014c8e54774963') in 0.010110 seconds 
  Import took 0.012347 seconds .

========================================================================
Received Import Request.
  Time since last request: 0.000209 seconds.
  path: Assets/Images/b11.png
  artifactKey: Guid(0136104a16c125345bf4241d9f96b237) Importer(815301076,1909f56bfc062723c751e8b465ee728b)
Start importing Assets/Images/b11.png using Guid(0136104a16c125345bf4241d9f96b237) Importer(815301076,1909f56bfc062723c751e8b465ee728b)  -> (artifact id: '1e51538610bf8fe5595d283d1cd628e7') in 0.009788 seconds 
  Import took 0.012055 seconds .

========================================================================
Received Import Request.
  Time since last request: 0.000212 seconds.
  path: Assets/Images/g12.png
  artifactKey: Guid(84dfd5e46e03c0048a878369753a9aa9) Importer(815301076,1909f56bfc062723c751e8b465ee728b)
Start importing Assets/Images/g12.png using Guid(84dfd5e46e03c0048a878369753a9aa9) Importer(815301076,1909f56bfc062723c751e8b465ee728b)  -> (artifact id: '36512f5f862db83c850a46422ac25bc0') in 0.010594 seconds 
  Import took 0.012968 seconds .

========================================================================
Received Import Request.
  Time since last request: 0.000222 seconds.
  path: Assets/Images/y12.png
  artifactKey: Guid(d0f39a0fd3cdbbc489e17fbbc0723ffc) Importer(815301076,1909f56bfc062723c751e8b465ee728b)
Start importing Assets/Images/y12.png using Guid(d0f39a0fd3cdbbc489e17fbbc0723ffc) Importer(815301076,1909f56bfc062723c751e8b465ee728b)  -> (artifact id: '3db34e88e118f28c26932e19b8177cd0') in 0.014741 seconds 
  Import took 0.017205 seconds .

========================================================================
Received Import Request.
  Time since last request: 0.000205 seconds.
  path: Assets/Images/y03.png
  artifactKey: Guid(b96599b6081cf134781f42598b1ae1f7) Importer(815301076,1909f56bfc062723c751e8b465ee728b)
Start importing Assets/Images/y03.png using Guid(b96599b6081cf134781f42598b1ae1f7) Importer(815301076,1909f56bfc062723c751e8b465ee728b)  -> (artifact id: '5576e0b3ae29cecc6ce55ab75b7cceed') in 0.008015 seconds 
  Import took 0.010240 seconds .

========================================================================
Received Import Request.
  Time since last request: 0.000204 seconds.
  path: Assets/Images/b14.png
  artifactKey: Guid(497daf5ea342eef4fbc02f9d9e0bf6fd) Importer(815301076,1909f56bfc062723c751e8b465ee728b)
Start importing Assets/Images/b14.png using Guid(497daf5ea342eef4fbc02f9d9e0bf6fd) Importer(815301076,1909f56bfc062723c751e8b465ee728b)  -> (artifact id: '8f74ed42c3198e8345981f06457391f8') in 0.008887 seconds 
  Import took 0.011176 seconds .

========================================================================
Received Import Request.
  Time since last request: 0.000212 seconds.
  path: Assets/Images/r15.png
  artifactKey: Guid(0e06f07e12b7b8f439e5437efe111a45) Importer(815301076,1909f56bfc062723c751e8b465ee728b)
Start importing Assets/Images/r15.png using Guid(0e06f07e12b7b8f439e5437efe111a45) Importer(815301076,1909f56bfc062723c751e8b465ee728b)  -> (artifact id: '2290dee45d969e5c24cfe601f97897a1') in 0.008668 seconds 
  Import took 0.010888 seconds .

========================================================================
Received Import Request.
  Time since last request: 0.000212 seconds.
  path: Assets/Images/y09.png
  artifactKey: Guid(f317683aef0bf4f4eba891dda9f42254) Importer(815301076,1909f56bfc062723c751e8b465ee728b)
Start importing Assets/Images/y09.png using Guid(f317683aef0bf4f4eba891dda9f42254) Importer(815301076,1909f56bfc062723c751e8b465ee728b)  -> (artifact id: '5a7f6def6f81817d8e70f947b74c5836') in 0.008508 seconds 
  Import took 0.010714 seconds .

========================================================================
Received Import Request.
  Time since last request: 0.000195 seconds.
  path: Assets/Images/g05.png
  artifactKey: Guid(71bda9140a7e9874186872e7ae84486d) Importer(815301076,1909f56bfc062723c751e8b465ee728b)
Start importing Assets/Images/g05.png using Guid(71bda9140a7e9874186872e7ae84486d) Importer(815301076,1909f56bfc062723c751e8b465ee728b)  -> (artifact id: '6195fe3530c35e761fa802025fa7afec') in 0.008905 seconds 
  Import took 0.011148 seconds .

========================================================================
Received Import Request.
  Time since last request: 0.000177 seconds.
  path: Assets/Images/r03.png
  artifactKey: Guid(65eb30d528d5e0443abde2dcabeb0085) Importer(815301076,1909f56bfc062723c751e8b465ee728b)
Start importing Assets/Images/r03.png using Guid(65eb30d528d5e0443abde2dcabeb0085) Importer(815301076,1909f56bfc062723c751e8b465ee728b)  -> (artifact id: '3f0d3cb43d9f4db0921889962be81bf8') in 0.007888 seconds 
  Import took 0.010045 seconds .

========================================================================
Received Import Request.
  Time since last request: 0.000206 seconds.
  path: Assets/Images/y02.png
  artifactKey: Guid(8968050a3d8a4d445822a09f82a89589) Importer(815301076,1909f56bfc062723c751e8b465ee728b)
Start importing Assets/Images/y02.png using Guid(8968050a3d8a4d445822a09f82a89589) Importer(815301076,1909f56bfc062723c751e8b465ee728b)  -> (artifact id: '3e4775e5b41b70acca7d9ca3ae8b67c8') in 0.009322 seconds 
  Import took 0.011613 seconds .

========================================================================
Received Import Request.
  Time since last request: 0.000210 seconds.
  path: Assets/Images/g14.png
  artifactKey: Guid(d6c4ecc9ae7e75c46b4b278164b7b523) Importer(815301076,1909f56bfc062723c751e8b465ee728b)
Start importing Assets/Images/g14.png using Guid(d6c4ecc9ae7e75c46b4b278164b7b523) Importer(815301076,1909f56bfc062723c751e8b465ee728b)  -> (artifact id: 'c804510d121767165dffec132cf9625e') in 0.009112 seconds 
  Import took 0.011315 seconds .

========================================================================
Received Import Request.
  Time since last request: 0.000199 seconds.
  path: Assets/Images/r11.png
  artifactKey: Guid(b3c14c60970142d46ba421dfe17d74eb) Importer(815301076,1909f56bfc062723c751e8b465ee728b)
Start importing Assets/Images/r11.png using Guid(b3c14c60970142d46ba421dfe17d74eb) Importer(815301076,1909f56bfc062723c751e8b465ee728b)  -> (artifact id: 'ef66921f20ebf083acee534db1c6f46a') in 0.008385 seconds 
  Import took 0.010634 seconds .

========================================================================
Received Import Request.
  Time since last request: 0.000228 seconds.
  path: Assets/Images/y13.png
  artifactKey: Guid(061fd674d04e0c94e92f6958ed625abb) Importer(815301076,1909f56bfc062723c751e8b465ee728b)
Start importing Assets/Images/y13.png using Guid(061fd674d04e0c94e92f6958ed625abb) Importer(815301076,1909f56bfc062723c751e8b465ee728b)  -> (artifact id: 'b1600f7fbcb61421b2abed0aceeabbba') in 0.010374 seconds 
  Import took 0.012734 seconds .

========================================================================
Received Import Request.
  Time since last request: 0.000183 seconds.
  path: Assets/Images/b15.png
  artifactKey: Guid(58a90ed49e9022a449aa7ab6075eddde) Importer(815301076,1909f56bfc062723c751e8b465ee728b)
Start importing Assets/Images/b15.png using Guid(58a90ed49e9022a449aa7ab6075eddde) Importer(815301076,1909f56bfc062723c751e8b465ee728b)  -> (artifact id: '4c0b281f4195cd6a6bd773f1cdddbec8') in 0.010328 seconds 
  Import took 0.012674 seconds .

========================================================================
Received Import Request.
  Time since last request: 0.000233 seconds.
  path: Assets/Images/y14.png
  artifactKey: Guid(78416eb412a4dcf408c6a6d298342dd2) Importer(815301076,1909f56bfc062723c751e8b465ee728b)
Start importing Assets/Images/y14.png using Guid(78416eb412a4dcf408c6a6d298342dd2) Importer(815301076,1909f56bfc062723c751e8b465ee728b)  -> (artifact id: 'd29979bd24dbbbd425b0c5d2ffbdc34c') in 0.009201 seconds 
  Import took 0.011666 seconds .

========================================================================
Received Import Request.
  Time since last request: 0.000181 seconds.
  path: Assets/Images/r07.png
  artifactKey: Guid(25ac3910d822adb4295e3c34269f783b) Importer(815301076,1909f56bfc062723c751e8b465ee728b)
Start importing Assets/Images/r07.png using Guid(25ac3910d822adb4295e3c34269f783b) Importer(815301076,1909f56bfc062723c751e8b465ee728b)  -> (artifact id: '80448654917477e938a5d682cc374e77') in 0.009756 seconds 
  Import took 0.012165 seconds .

========================================================================
Received Import Request.
  Time since last request: 0.000174 seconds.
  path: Assets/Images/r06.png
  artifactKey: Guid(488eab2062016f2418540a7a2b61fde1) Importer(815301076,1909f56bfc062723c751e8b465ee728b)
Start importing Assets/Images/r06.png using Guid(488eab2062016f2418540a7a2b61fde1) Importer(815301076,1909f56bfc062723c751e8b465ee728b)  -> (artifact id: '35e9ab28814868d2904bc9a14cc844a5') in 0.009337 seconds 
  Import took 0.011837 seconds .

========================================================================
Received Import Request.
  Time since last request: 0.000166 seconds.
  path: Assets/Images/g15.png
  artifactKey: Guid(7e16e4e57be467c429eb0753304eeb1e) Importer(815301076,1909f56bfc062723c751e8b465ee728b)
Start importing Assets/Images/g15.png using Guid(7e16e4e57be467c429eb0753304eeb1e) Importer(815301076,1909f56bfc062723c751e8b465ee728b)  -> (artifact id: 'c370046e08a578701fdd26ff8fffc7e4') in 0.008886 seconds 
  Import took 0.011244 seconds .

========================================================================
Received Import Request.
  Time since last request: 0.000209 seconds.
  path: Assets/Images/y05.png
  artifactKey: Guid(d2f44358bb68d3c47aa7c29ec8375147) Importer(815301076,1909f56bfc062723c751e8b465ee728b)
Start importing Assets/Images/y05.png using Guid(d2f44358bb68d3c47aa7c29ec8375147) Importer(815301076,1909f56bfc062723c751e8b465ee728b)  -> (artifact id: 'eb7bdfe2481e347195665f8891545cda') in 0.008134 seconds 
  Import took 0.010302 seconds .

========================================================================
Received Import Request.
  Time since last request: 0.000203 seconds.
  path: Assets/Images/g09.png
  artifactKey: Guid(7ebbbf92059d7084698d9412cb54cbbf) Importer(815301076,1909f56bfc062723c751e8b465ee728b)
Start importing Assets/Images/g09.png using Guid(7ebbbf92059d7084698d9412cb54cbbf) Importer(815301076,1909f56bfc062723c751e8b465ee728b)  -> (artifact id: '982d22bebeb9bb240ca1c3800c0b8822') in 0.008739 seconds 
  Import took 0.010996 seconds .

========================================================================
Received Import Request.
  Time since last request: 0.000203 seconds.
  path: Assets/Images/r01.png
  artifactKey: Guid(094e7da43ed814841bae1f2bcdee7cfc) Importer(815301076,1909f56bfc062723c751e8b465ee728b)
Start importing Assets/Images/r01.png using Guid(094e7da43ed814841bae1f2bcdee7cfc) Importer(815301076,1909f56bfc062723c751e8b465ee728b)  -> (artifact id: '26dae6f296a176f413cca353ea799388') in 0.009051 seconds 
  Import took 0.011332 seconds .

========================================================================
Received Import Request.
  Time since last request: 0.000204 seconds.
  path: Assets/Images/g10.png
  artifactKey: Guid(cb74ef6d22512724d9defa72bb3a10f7) Importer(815301076,1909f56bfc062723c751e8b465ee728b)
Start importing Assets/Images/g10.png using Guid(cb74ef6d22512724d9defa72bb3a10f7) Importer(815301076,1909f56bfc062723c751e8b465ee728b)  -> (artifact id: 'a3edb3d3d238aed794d0f58dc2889cc6') in 0.008599 seconds 
  Import took 0.010933 seconds .

========================================================================
Received Import Request.
  Time since last request: 0.000206 seconds.
  path: Assets/Images/r10.png
  artifactKey: Guid(6d4f6dc9e3403694f8de72230d701366) Importer(815301076,1909f56bfc062723c751e8b465ee728b)
Start importing Assets/Images/r10.png using Guid(6d4f6dc9e3403694f8de72230d701366) Importer(815301076,1909f56bfc062723c751e8b465ee728b)  -> (artifact id: '3e1afb4ab08917330ba350e127290fa6') in 0.009322 seconds 
  Import took 0.011470 seconds .

========================================================================
Received Import Request.
  Time since last request: 0.000197 seconds.
  path: Assets/Images/b02.png
  artifactKey: Guid(9fc63c263a56b0e4d8d6cf695b0a271a) Importer(815301076,1909f56bfc062723c751e8b465ee728b)
Start importing Assets/Images/b02.png using Guid(9fc63c263a56b0e4d8d6cf695b0a271a) Importer(815301076,1909f56bfc062723c751e8b465ee728b)  -> (artifact id: '58e933670fec3f43d2d1549bee66fccd') in 0.008592 seconds 
  Import took 0.010886 seconds .

========================================================================
Received Import Request.
  Time since last request: 0.000150 seconds.
  path: Assets/Images/g08.png
  artifactKey: Guid(cb094cbd0e1b34547b59e198eccf6665) Importer(815301076,1909f56bfc062723c751e8b465ee728b)
Start importing Assets/Images/g08.png using Guid(cb094cbd0e1b34547b59e198eccf6665) Importer(815301076,1909f56bfc062723c751e8b465ee728b)  -> (artifact id: '60275661f034462d6411af0a59c4464b') in 0.009213 seconds 
  Import took 0.011442 seconds .

========================================================================
Received Import Request.
  Time since last request: 0.000214 seconds.
  path: Assets/Images/b07.png
  artifactKey: Guid(a536c0a38c242a842b3baf0cecf6b7ed) Importer(815301076,1909f56bfc062723c751e8b465ee728b)
Start importing Assets/Images/b07.png using Guid(a536c0a38c242a842b3baf0cecf6b7ed) Importer(815301076,1909f56bfc062723c751e8b465ee728b)  -> (artifact id: 'dc6aa6bf6b39057dd5eaa2fcc05836b4') in 0.008097 seconds 
  Import took 0.010328 seconds .

========================================================================
Received Import Request.
  Time since last request: 0.000188 seconds.
  path: Assets/Images/g11.png
  artifactKey: Guid(a6c6f5e1bf0645a4fbff535f2557d0e4) Importer(815301076,1909f56bfc062723c751e8b465ee728b)
Start importing Assets/Images/g11.png using Guid(a6c6f5e1bf0645a4fbff535f2557d0e4) Importer(815301076,1909f56bfc062723c751e8b465ee728b)  -> (artifact id: 'fdfc51eabf777e7fa4e200d391ba07de') in 0.008864 seconds 
  Import took 0.011239 seconds .

========================================================================
Received Import Request.
  Time since last request: 0.000237 seconds.
  path: Assets/Images/r12.png
  artifactKey: Guid(d612c060e848ab7479b06b0fd351a314) Importer(815301076,1909f56bfc062723c751e8b465ee728b)
Start importing Assets/Images/r12.png using Guid(d612c060e848ab7479b06b0fd351a314) Importer(815301076,1909f56bfc062723c751e8b465ee728b)  -> (artifact id: '2b137fb75a685ab516d29ea4b497527a') in 0.009288 seconds 
  Import took 0.011706 seconds .

========================================================================
Received Import Request.
  Time since last request: 0.000197 seconds.
  path: Assets/Images/r09.png
  artifactKey: Guid(9a7437ef4e45b36469d3f7db382a2732) Importer(815301076,1909f56bfc062723c751e8b465ee728b)
Start importing Assets/Images/r09.png using Guid(9a7437ef4e45b36469d3f7db382a2732) Importer(815301076,1909f56bfc062723c751e8b465ee728b)  -> (artifact id: 'd10d8e25d3be570e6c17d78ef8fee694') in 0.009438 seconds 
  Import took 0.011824 seconds .

========================================================================
Received Import Request.
  Time since last request: 0.000199 seconds.
  path: Assets/Images/b08.png
  artifactKey: Guid(4b7fc8c4154c1204bb240b9c152876dd) Importer(815301076,1909f56bfc062723c751e8b465ee728b)
Start importing Assets/Images/b08.png using Guid(4b7fc8c4154c1204bb240b9c152876dd) Importer(815301076,1909f56bfc062723c751e8b465ee728b)  -> (artifact id: '93ec83ea0e2d98b8d5056654a7a46eea') in 0.010112 seconds 
  Import took 0.012520 seconds .

========================================================================
Received Import Request.
  Time since last request: 0.000235 seconds.
  path: Assets/Images/y04.png
  artifactKey: Guid(df7c07397838da9408bbbe61768f4412) Importer(815301076,1909f56bfc062723c751e8b465ee728b)
Start importing Assets/Images/y04.png using Guid(df7c07397838da9408bbbe61768f4412) Importer(815301076,1909f56bfc062723c751e8b465ee728b)  -> (artifact id: '7e27c50abeceb000e41876c0d27477c8') in 0.009373 seconds 
  Import took 0.011864 seconds .

========================================================================
Received Import Request.
  Time since last request: 0.000151 seconds.
  path: Assets/Images/y11.png
  artifactKey: Guid(45f20224027b567408cabfba23a8e135) Importer(815301076,1909f56bfc062723c751e8b465ee728b)
Start importing Assets/Images/y11.png using Guid(45f20224027b567408cabfba23a8e135) Importer(815301076,1909f56bfc062723c751e8b465ee728b)  -> (artifact id: '2f2cce68ed83d03d694992687c30820e') in 0.009241 seconds 
  Import took 0.011697 seconds .

========================================================================
Received Import Request.
  Time since last request: 0.000173 seconds.
  path: Assets/Images/y07.png
  artifactKey: Guid(69d184ff58ff5114c93acbd358e94d49) Importer(815301076,1909f56bfc062723c751e8b465ee728b)
Start importing Assets/Images/y07.png using Guid(69d184ff58ff5114c93acbd358e94d49) Importer(815301076,1909f56bfc062723c751e8b465ee728b)  -> (artifact id: '473e108d8860f1795903743da77d465b') in 0.009773 seconds 
  Import took 0.012208 seconds .

========================================================================
Received Import Request.
  Time since last request: 0.000213 seconds.
  path: Assets/Images/g13.png
  artifactKey: Guid(d038eb8f36c77094db69c2db0a9d0216) Importer(815301076,1909f56bfc062723c751e8b465ee728b)
Start importing Assets/Images/g13.png using Guid(d038eb8f36c77094db69c2db0a9d0216) Importer(815301076,1909f56bfc062723c751e8b465ee728b)  -> (artifact id: 'f88f250044ae66ce0f3582b9f749e087') in 0.010086 seconds 
  Import took 0.012653 seconds .

========================================================================
Received Import Request.
  Time since last request: 0.000202 seconds.
  path: Assets/Images/b03.png
  artifactKey: Guid(e64a67486b0990140ad4454a5162c0c6) Importer(815301076,1909f56bfc062723c751e8b465ee728b)
Start importing Assets/Images/b03.png using Guid(e64a67486b0990140ad4454a5162c0c6) Importer(815301076,1909f56bfc062723c751e8b465ee728b)  -> (artifact id: '842b04860e797f2f36a2b01a6a02572d') in 0.008361 seconds 
  Import took 0.010716 seconds .

========================================================================
Received Import Request.
  Time since last request: 0.000212 seconds.
  path: Assets/Images/y15.png
  artifactKey: Guid(b30bc2835c4f322479b2fa80ca8eefd2) Importer(815301076,1909f56bfc062723c751e8b465ee728b)
Start importing Assets/Images/y15.png using Guid(b30bc2835c4f322479b2fa80ca8eefd2) Importer(815301076,1909f56bfc062723c751e8b465ee728b)  -> (artifact id: 'f0a33905f59f055899df3d772ee83d15') in 0.009241 seconds 
  Import took 0.011555 seconds .

========================================================================
Received Import Request.
  Time since last request: 0.000239 seconds.
  path: Assets/Images/r08.png
  artifactKey: Guid(1246f8764d38c184786ca1332ce3a354) Importer(815301076,1909f56bfc062723c751e8b465ee728b)
Start importing Assets/Images/r08.png using Guid(1246f8764d38c184786ca1332ce3a354) Importer(815301076,1909f56bfc062723c751e8b465ee728b)  -> (artifact id: 'f33d1dd12fb2266c7b3ad023cdb342d2') in 0.009422 seconds 
  Import took 0.011688 seconds .

========================================================================
Received Import Request.
  Time since last request: 0.000200 seconds.
  path: Assets/Images/y08.png
  artifactKey: Guid(07347d03bc104914aa114b91854a51bb) Importer(815301076,1909f56bfc062723c751e8b465ee728b)
Start importing Assets/Images/y08.png using Guid(07347d03bc104914aa114b91854a51bb) Importer(815301076,1909f56bfc062723c751e8b465ee728b)  -> (artifact id: 'e216fffb59c6270fce2cb066b660a729') in 0.009689 seconds 
  Import took 0.011981 seconds .

========================================================================
Received Import Request.
  Time since last request: 0.000198 seconds.
  path: Assets/Images/g03.png
  artifactKey: Guid(dae3a0f540df47449a25909dbf2617bf) Importer(815301076,1909f56bfc062723c751e8b465ee728b)
Start importing Assets/Images/g03.png using Guid(dae3a0f540df47449a25909dbf2617bf) Importer(815301076,1909f56bfc062723c751e8b465ee728b)  -> (artifact id: 'e9151f4754e97896ed34d7906f2f8d3f') in 0.008020 seconds 
  Import took 0.010295 seconds .

========================================================================
Received Import Request.
  Time since last request: 0.000201 seconds.
  path: Assets/Images/b05.png
  artifactKey: Guid(917627eb13b2e6b43952e9d73fbac159) Importer(815301076,1909f56bfc062723c751e8b465ee728b)
Start importing Assets/Images/b05.png using Guid(917627eb13b2e6b43952e9d73fbac159) Importer(815301076,1909f56bfc062723c751e8b465ee728b)  -> (artifact id: 'c7741f7fe3d8247b396fee7ea90fb32f') in 0.008300 seconds 
  Import took 0.010563 seconds .

========================================================================
Received Import Request.
  Time since last request: 0.000240 seconds.
  path: Assets/Images/b09.png
  artifactKey: Guid(0bcb721d73a2a394b9ba5dfc3fae8d83) Importer(815301076,1909f56bfc062723c751e8b465ee728b)
Start importing Assets/Images/b09.png using Guid(0bcb721d73a2a394b9ba5dfc3fae8d83) Importer(815301076,1909f56bfc062723c751e8b465ee728b)  -> (artifact id: '6f667af123745119dfcbb80cd2fba43f') in 0.008961 seconds 
  Import took 0.011218 seconds .

========================================================================
Received Import Request.
  Time since last request: 0.000196 seconds.
  path: Assets/Images/y06.png
  artifactKey: Guid(2aa5c53b1f3fa3f469241f4e1874daf0) Importer(815301076,1909f56bfc062723c751e8b465ee728b)
Start importing Assets/Images/y06.png using Guid(2aa5c53b1f3fa3f469241f4e1874daf0) Importer(815301076,1909f56bfc062723c751e8b465ee728b)  -> (artifact id: 'd62db03c2d7a6187141bd0dec46f188f') in 0.008287 seconds 
  Import took 0.010580 seconds .

========================================================================
Received Import Request.
  Time since last request: 0.000211 seconds.
  path: Assets/Images/b06.png
  artifactKey: Guid(e59e77d4a6dce6e49aeaf04a27ba9163) Importer(815301076,1909f56bfc062723c751e8b465ee728b)
Start importing Assets/Images/b06.png using Guid(e59e77d4a6dce6e49aeaf04a27ba9163) Importer(815301076,1909f56bfc062723c751e8b465ee728b)  -> (artifact id: '894ec0e7f48fe5d82ad6f6882c9d77d4') in 0.008731 seconds 
  Import took 0.011056 seconds .

========================================================================
Received Import Request.
  Time since last request: 0.000201 seconds.
  path: Assets/Images/b12.png
  artifactKey: Guid(84b288618f29191488702d232f4c55ac) Importer(815301076,1909f56bfc062723c751e8b465ee728b)
Start importing Assets/Images/b12.png using Guid(84b288618f29191488702d232f4c55ac) Importer(815301076,1909f56bfc062723c751e8b465ee728b)  -> (artifact id: 'a288fe402505f2d71c8938822ab9935e') in 0.011102 seconds 
  Import took 0.013617 seconds .

========================================================================
Received Import Request.
  Time since last request: 0.000234 seconds.
  path: Assets/Images/r04.png
  artifactKey: Guid(d0156c9e7bc9c164a9a6ef5a8eaf8865) Importer(815301076,1909f56bfc062723c751e8b465ee728b)
Start importing Assets/Images/r04.png using Guid(d0156c9e7bc9c164a9a6ef5a8eaf8865) Importer(815301076,1909f56bfc062723c751e8b465ee728b)  -> (artifact id: '6aa6252af2b4b0f1c996908adbc7d7e8') in 0.010106 seconds 
  Import took 0.012601 seconds .

========================================================================
Received Import Request.
  Time since last request: 0.000201 seconds.
  path: Assets/Images/r14.png
  artifactKey: Guid(9116f928ed887e64b8c8958b7e25d943) Importer(815301076,1909f56bfc062723c751e8b465ee728b)
Start importing Assets/Images/r14.png using Guid(9116f928ed887e64b8c8958b7e25d943) Importer(815301076,1909f56bfc062723c751e8b465ee728b)  -> (artifact id: 'f83ab4bbbf91bb8df51627103211e432') in 0.009498 seconds 
  Import took 0.011829 seconds .

========================================================================
Received Import Request.
  Time since last request: 0.000212 seconds.
  path: Assets/Images/g06.png
  artifactKey: Guid(72fe65beaa41af64e99091be35106972) Importer(815301076,1909f56bfc062723c751e8b465ee728b)
Start importing Assets/Images/g06.png using Guid(72fe65beaa41af64e99091be35106972) Importer(815301076,1909f56bfc062723c751e8b465ee728b)  -> (artifact id: '172a57f1e4572f59947a01915dbe044a') in 0.008983 seconds 
  Import took 0.011259 seconds .

========================================================================
Received Import Request.
  Time since last request: 0.000241 seconds.
  path: Assets/Images/r05.png
  artifactKey: Guid(c2faad7c8610b3842891c7fdb7d059a0) Importer(815301076,1909f56bfc062723c751e8b465ee728b)
Start importing Assets/Images/r05.png using Guid(c2faad7c8610b3842891c7fdb7d059a0) Importer(815301076,1909f56bfc062723c751e8b465ee728b)  -> (artifact id: '82e8f727f21c05a7aeb46d8a0bb54201') in 0.009745 seconds 
  Import took 0.011984 seconds .

========================================================================
Received Import Request.
  Time since last request: 0.000199 seconds.
  path: Assets/Images/backofallcards.png
  artifactKey: Guid(66e6ed6d5fd353e469e6ee9d6b94cb61) Importer(815301076,1909f56bfc062723c751e8b465ee728b)
Start importing Assets/Images/backofallcards.png using Guid(66e6ed6d5fd353e469e6ee9d6b94cb61) Importer(815301076,1909f56bfc062723c751e8b465ee728b)  -> (artifact id: '516c7d5a91e31bb599839883d63ea85d') in 0.008668 seconds 
  Import took 0.010909 seconds .

========================================================================
Received Import Request.
  Time since last request: 0.000202 seconds.
  path: Assets/Images/b10.png
  artifactKey: Guid(58c1656f2c5d419499db5a27cac9f945) Importer(815301076,1909f56bfc062723c751e8b465ee728b)
Start importing Assets/Images/b10.png using Guid(58c1656f2c5d419499db5a27cac9f945) Importer(815301076,1909f56bfc062723c751e8b465ee728b)  -> (artifact id: '841463eb4237f0ec25302aabb8f5800c') in 0.008388 seconds 
  Import took 0.010650 seconds .

========================================================================
Received Import Request.
  Time since last request: 0.000206 seconds.
  path: Assets/Images/r13.png
  artifactKey: Guid(d7ec60dc4b08d5b47b458ab34884ba20) Importer(815301076,1909f56bfc062723c751e8b465ee728b)
Start importing Assets/Images/r13.png using Guid(d7ec60dc4b08d5b47b458ab34884ba20) Importer(815301076,1909f56bfc062723c751e8b465ee728b)  -> (artifact id: '40c4d25b2c2c0de513032c41d33aedee') in 0.008646 seconds 
  Import took 0.010854 seconds .

========================================================================
Received Import Request.
  Time since last request: 0.000199 seconds.
  path: Assets/Images/y01.png
  artifactKey: Guid(14f6339d625953645940508ff4b3329e) Importer(815301076,1909f56bfc062723c751e8b465ee728b)
Start importing Assets/Images/y01.png using Guid(14f6339d625953645940508ff4b3329e) Importer(815301076,1909f56bfc062723c751e8b465ee728b)  -> (artifact id: '8c031d3217c64d2c283965a3dc2afd15') in 0.008614 seconds 
  Import took 0.010895 seconds .

========================================================================
Received Import Request.
  Time since last request: 0.000215 seconds.
  path: Assets/Images/g01.png
  artifactKey: Guid(631f344d979c26442afddc0fd647c389) Importer(815301076,1909f56bfc062723c751e8b465ee728b)
Start importing Assets/Images/g01.png using Guid(631f344d979c26442afddc0fd647c389) Importer(815301076,1909f56bfc062723c751e8b465ee728b)  -> (artifact id: 'f38ae5eb0dbcb5e09e9bcd879760a0bb') in 0.009064 seconds 
  Import took 0.011325 seconds .

========================================================================
Received Import Request.
  Time since last request: 0.000205 seconds.
  path: Assets/Images/g07.png
  artifactKey: Guid(e195442cca9ed7f4083ee4405150c6c9) Importer(815301076,1909f56bfc062723c751e8b465ee728b)
Start importing Assets/Images/g07.png using Guid(e195442cca9ed7f4083ee4405150c6c9) Importer(815301076,1909f56bfc062723c751e8b465ee728b)  -> (artifact id: '8c932e0f26a9d2811c940075b930958e') in 0.008706 seconds 
  Import took 0.011099 seconds .

========================================================================
Received Import Request.
  Time since last request: 0.000186 seconds.
  path: Assets/Images/r02.png
  artifactKey: Guid(1a4be00153aded2419632b849d23240a) Importer(815301076,1909f56bfc062723c751e8b465ee728b)
Start importing Assets/Images/r02.png using Guid(1a4be00153aded2419632b849d23240a) Importer(815301076,1909f56bfc062723c751e8b465ee728b)  -> (artifact id: 'bc43bc47f908f53232f3339982ced889') in 0.010303 seconds 
  Import took 0.012783 seconds .

========================================================================
Received Import Request.
  Time since last request: 0.000211 seconds.
  path: Assets/Images/g02.png
  artifactKey: Guid(e48eedc865a9efa44a42267d9c064cda) Importer(815301076,1909f56bfc062723c751e8b465ee728b)
Start importing Assets/Images/g02.png using Guid(e48eedc865a9efa44a42267d9c064cda) Importer(815301076,1909f56bfc062723c751e8b465ee728b)  -> (artifact id: '1671ee59fddd33ff3875dd35df692f80') in 0.008968 seconds 
  Import took 0.011281 seconds .

========================================================================
Received Import Request.
  Time since last request: 0.000202 seconds.
  path: Assets/Images/b04.png
  artifactKey: Guid(20edfd4443530b44c9614b811d500f33) Importer(815301076,1909f56bfc062723c751e8b465ee728b)
Start importing Assets/Images/b04.png using Guid(20edfd4443530b44c9614b811d500f33) Importer(815301076,1909f56bfc062723c751e8b465ee728b)  -> (artifact id: '8da2dde8e48a9532c6ad2e5f424431b2') in 0.008444 seconds 
  Import took 0.010680 seconds .

========================================================================
Received Import Request.
  Time since last request: 0.000213 seconds.
  path: Assets/Images/y10.png
  artifactKey: Guid(fc0bab9ae8be87046bad5f04c1fdeb1a) Importer(815301076,1909f56bfc062723c751e8b465ee728b)
Start importing Assets/Images/y10.png using Guid(fc0bab9ae8be87046bad5f04c1fdeb1a) Importer(815301076,1909f56bfc062723c751e8b465ee728b)  -> (artifact id: 'f254e4b985242b5a4b26e0d2f4fe6521') in 0.008267 seconds 
  Import took 0.010443 seconds .

========================================================================
Received Import Request.
  Time since last request: 122.006168 seconds.
  path: Assets/Skrips
  artifactKey: Guid(6450a202564b05344bd08c64ebc27d18) Importer(815301076,1909f56bfc062723c751e8b465ee728b)
Start importing Assets/Skrips using Guid(6450a202564b05344bd08c64ebc27d18) Importer(815301076,1909f56bfc062723c751e8b465ee728b)  -> (artifact id: 'e4d2081a941064ba051e23f1d06d1231') in 0.004604 seconds 
  Import took 0.007912 seconds .

========================================================================
Received Import Request.
  Time since last request: 6.802178 seconds.
  path: Assets/Scripts
  artifactKey: Guid(6450a202564b05344bd08c64ebc27d18) Importer(815301076,1909f56bfc062723c751e8b465ee728b)
Start importing Assets/Scripts using Guid(6450a202564b05344bd08c64ebc27d18) Importer(815301076,1909f56bfc062723c751e8b465ee728b)  -> (artifact id: '6b5c0ec269a9da0d1e8895be6396eeec') in 0.004745 seconds 
  Import took 0.007978 seconds .

========================================================================
Received Import Request.
  Time since last request: 7.014427 seconds.
  path: Assets/Scripts/NewBehaviourScript.cs
  artifactKey: Guid(cad7512771d3d9d4db71ff9643b2cd28) Importer(815301076,1909f56bfc062723c751e8b465ee728b)
Start importing Assets/Scripts/NewBehaviourScript.cs using Guid(cad7512771d3d9d4db71ff9643b2cd28) Importer(815301076,1909f56bfc062723c751e8b465ee728b)  -> (artifact id: '1dabb24137e279dc492ee0095657e3da') in 0.014080 seconds 
  Import took 0.016815 seconds .

========================================================================
Received Prepare
Registering precompiled user dll's ...
Registered in 0.001579 seconds.
Begin MonoManager ReloadAssembly
Native extension for WindowsStandalone target not found
Native extension for OSXStandalone target not found
Native extension for WebGL target not found
Refreshing native plugins compatible for Editor in 0.38 ms, found 3 plugins.
Preloading 0 native plugins for Editor in 0.00 ms.
Mono: successfully reloaded assembly
- Completed reload, in  0.749 seconds
Domain Reload Profiling:
	ReloadAssembly (749ms)
		BeginReloadAssembly (94ms)
			ExecutionOrderSort (0ms)
			DisableScriptedObjects (5ms)
			BackupInstance (0ms)
			ReleaseScriptingObjects (0ms)
			CreateAndSetChildDomain (27ms)
		EndReloadAssembly (608ms)
			LoadAssemblies (64ms)
			RebuildTransferFunctionScriptingTraits (0ms)
			SetupTypeCache (215ms)
			ReleaseScriptCaches (1ms)
			RebuildScriptCaches (32ms)
			SetupLoadedEditorAssemblies (218ms)
				LogAssemblyErrors (0ms)
				InitializePlatformSupportModulesInManaged (5ms)
				SetLoadedEditorAssemblies (0ms)
				RefreshPlugins (0ms)
				BeforeProcessingInitializeOnLoad (60ms)
				ProcessInitializeOnLoadAttributes (143ms)
				ProcessInitializeOnLoadMethodAttributes (5ms)
				AfterProcessingInitializeOnLoad (5ms)
				EditorAssembliesLoaded (0ms)
			ExecutionOrderSort2 (0ms)
			AwakeInstancesAfterBackupRestoration (8ms)
Platform modules already initialized, skipping
Refreshing native plugins compatible for Editor in 0.42 ms, found 3 plugins.
Preloading 0 native plugins for Editor in 0.00 ms.
Unloading 2081 Unused Serialized files (Serialized files now loaded: 0)
System memory in use before: 95.5 MB.
System memory in use after: 95.6 MB.

Unloading 14 unused Assets to reduce memory usage. Loaded Objects now: 2539.
Total: 2.457700 ms (FindLiveObjects: 0.146200 ms CreateObjectMapping: 0.056300 ms MarkObjects: 2.242200 ms  DeleteObjects: 0.012500 ms)

AssetImportParameters requested are different than current active one (requested -> active):
  custom:framework-win-MediaFoundation: 216162199b28c13a410421893ffa2e32 -> 
  custom:video-decoder-ogg-theora: a1e56fd34408186e4bbccfd4996cb3dc -> 
  custom:container-muxer-webm: aa71ff27fc2769a1b78a27578f13a17b -> 
  custom:container-demuxer-webm: 4f35f7cbe854078d1ac9338744f61a02 -> 
  custom:container-demuxer-ogg: 62fdf1f143b41e24485cea50d1cbac27 -> 
  custom:video-encoder-webm-vp8: eb34c28f22e8b96e1ab97ce403110664 -> 
  custom:video-decoder-webm-vp8: 9c59270c3fd7afecdb556c50c9e8de78 -> 
  custom:audio-decoder-ogg-vorbis: bf7c407c2cedff20999df2af8eb42d56 -> 
  custom:audio-encoder-webm-vorbis: bf7c407c2cedff20999df2af8eb42d56 -> 
========================================================================
Received Prepare
Registering precompiled user dll's ...
Registered in 0.001419 seconds.
Begin MonoManager ReloadAssembly
Native extension for WindowsStandalone target not found
Native extension for OSXStandalone target not found
Native extension for WebGL target not found
Refreshing native plugins compatible for Editor in 0.38 ms, found 3 plugins.
Preloading 0 native plugins for Editor in 0.00 ms.
Mono: successfully reloaded assembly
- Completed reload, in  0.744 seconds
Domain Reload Profiling:
	ReloadAssembly (745ms)
		BeginReloadAssembly (92ms)
			ExecutionOrderSort (0ms)
			DisableScriptedObjects (5ms)
			BackupInstance (0ms)
			ReleaseScriptingObjects (0ms)
			CreateAndSetChildDomain (27ms)
		EndReloadAssembly (607ms)
			LoadAssemblies (64ms)
			RebuildTransferFunctionScriptingTraits (0ms)
			SetupTypeCache (214ms)
			ReleaseScriptCaches (1ms)
			RebuildScriptCaches (33ms)
			SetupLoadedEditorAssemblies (216ms)
				LogAssemblyErrors (0ms)
				InitializePlatformSupportModulesInManaged (5ms)
				SetLoadedEditorAssemblies (0ms)
				RefreshPlugins (0ms)
				BeforeProcessingInitializeOnLoad (63ms)
				ProcessInitializeOnLoadAttributes (139ms)
				ProcessInitializeOnLoadMethodAttributes (4ms)
				AfterProcessingInitializeOnLoad (5ms)
				EditorAssembliesLoaded (0ms)
			ExecutionOrderSort2 (0ms)
			AwakeInstancesAfterBackupRestoration (8ms)
Platform modules already initialized, skipping
Refreshing native plugins compatible for Editor in 0.36 ms, found 3 plugins.
Preloading 0 native plugins for Editor in 0.00 ms.
Unloading 2080 Unused Serialized files (Serialized files now loaded: 0)
System memory in use before: 95.5 MB.
System memory in use after: 95.6 MB.

Unloading 15 unused Assets to reduce memory usage. Loaded Objects now: 2541.
Total: 2.292500 ms (FindLiveObjects: 0.145100 ms CreateObjectMapping: 0.057100 ms MarkObjects: 2.076900 ms  DeleteObjects: 0.012600 ms)

AssetImportParameters requested are different than current active one (requested -> active):
  custom:framework-win-MediaFoundation: 216162199b28c13a410421893ffa2e32 -> 
  custom:video-decoder-ogg-theora: a1e56fd34408186e4bbccfd4996cb3dc -> 
  custom:container-muxer-webm: aa71ff27fc2769a1b78a27578f13a17b -> 
  custom:container-demuxer-webm: 4f35f7cbe854078d1ac9338744f61a02 -> 
  custom:container-demuxer-ogg: 62fdf1f143b41e24485cea50d1cbac27 -> 
  custom:video-encoder-webm-vp8: eb34c28f22e8b96e1ab97ce403110664 -> 
  custom:video-decoder-webm-vp8: 9c59270c3fd7afecdb556c50c9e8de78 -> 
  custom:audio-decoder-ogg-vorbis: bf7c407c2cedff20999df2af8eb42d56 -> 
  custom:audio-encoder-webm-vorbis: bf7c407c2cedff20999df2af8eb42d56 -> 
========================================================================
Received Import Request.
  Time since last request: 14.911322 seconds.
  path: Assets/Scripts/Deck.cs
  artifactKey: Guid(3bdbaf188d841dd48b0a304172f62c85) Importer(815301076,1909f56bfc062723c751e8b465ee728b)
Start importing Assets/Scripts/Deck.cs using Guid(3bdbaf188d841dd48b0a304172f62c85) Importer(815301076,1909f56bfc062723c751e8b465ee728b)  -> (artifact id: 'ab2dca5267d0a5b6bd157470df694878') in 0.006045 seconds 
  Import took 0.008795 seconds .

========================================================================
Received Prepare
Registering precompiled user dll's ...
Registered in 0.001325 seconds.
Begin MonoManager ReloadAssembly
Native extension for WindowsStandalone target not found
Native extension for OSXStandalone target not found
Native extension for WebGL target not found
Refreshing native plugins compatible for Editor in 0.39 ms, found 3 plugins.
Preloading 0 native plugins for Editor in 0.00 ms.
Mono: successfully reloaded assembly
- Completed reload, in  0.745 seconds
Domain Reload Profiling:
	ReloadAssembly (745ms)
		BeginReloadAssembly (84ms)
			ExecutionOrderSort (0ms)
			DisableScriptedObjects (5ms)
			BackupInstance (0ms)
			ReleaseScriptingObjects (0ms)
			CreateAndSetChildDomain (29ms)
		EndReloadAssembly (614ms)
			LoadAssemblies (63ms)
			RebuildTransferFunctionScriptingTraits (0ms)
			SetupTypeCache (219ms)
			ReleaseScriptCaches (1ms)
			RebuildScriptCaches (34ms)
			SetupLoadedEditorAssemblies (216ms)
				LogAssemblyErrors (0ms)
				InitializePlatformSupportModulesInManaged (5ms)
				SetLoadedEditorAssemblies (0ms)
				RefreshPlugins (0ms)
				BeforeProcessingInitializeOnLoad (63ms)
				ProcessInitializeOnLoadAttributes (139ms)
				ProcessInitializeOnLoadMethodAttributes (4ms)
				AfterProcessingInitializeOnLoad (5ms)
				EditorAssembliesLoaded (0ms)
			ExecutionOrderSort2 (0ms)
			AwakeInstancesAfterBackupRestoration (9ms)
Platform modules already initialized, skipping
Refreshing native plugins compatible for Editor in 0.38 ms, found 3 plugins.
Preloading 0 native plugins for Editor in 0.00 ms.
Unloading 2081 Unused Serialized files (Serialized files now loaded: 0)
System memory in use before: 95.6 MB.
System memory in use after: 95.7 MB.

Unloading 14 unused Assets to reduce memory usage. Loaded Objects now: 2545.
Total: 2.418000 ms (FindLiveObjects: 0.142500 ms CreateObjectMapping: 0.054600 ms MarkObjects: 2.204900 ms  DeleteObjects: 0.015300 ms)

AssetImportParameters requested are different than current active one (requested -> active):
  custom:framework-win-MediaFoundation: 216162199b28c13a410421893ffa2e32 -> 
  custom:video-decoder-ogg-theora: a1e56fd34408186e4bbccfd4996cb3dc -> 
  custom:container-muxer-webm: aa71ff27fc2769a1b78a27578f13a17b -> 
  custom:container-demuxer-webm: 4f35f7cbe854078d1ac9338744f61a02 -> 
  custom:container-demuxer-ogg: 62fdf1f143b41e24485cea50d1cbac27 -> 
  custom:video-encoder-webm-vp8: eb34c28f22e8b96e1ab97ce403110664 -> 
  custom:video-decoder-webm-vp8: 9c59270c3fd7afecdb556c50c9e8de78 -> 
  custom:audio-decoder-ogg-vorbis: bf7c407c2cedff20999df2af8eb42d56 -> 
  custom:audio-encoder-webm-vorbis: bf7c407c2cedff20999df2af8eb42d56 -> 
========================================================================
Received Import Request.
  Time since last request: 124.802523 seconds.
  path: Assets/Background.jpg
  artifactKey: Guid(f02d5c40d1c13484a8070064e2ed9519) Importer(815301076,1909f56bfc062723c751e8b465ee728b)
Start importing Assets/Background.jpg using Guid(f02d5c40d1c13484a8070064e2ed9519) Importer(815301076,1909f56bfc062723c751e8b465ee728b)  -> (artifact id: '3945b25a4a5b3b7aec6eaa6a3b28f495') in 0.046961 seconds 
  Import took 0.050026 seconds .

========================================================================
Received Import Request.
  Time since last request: 320.166329 seconds.
  path: Assets/Images/temp.txt
  artifactKey: Guid(e6fa57b14f9246049b3fcf97f4129244) Importer(815301076,1909f56bfc062723c751e8b465ee728b)
Start importing Assets/Images/temp.txt using Guid(e6fa57b14f9246049b3fcf97f4129244) Importer(815301076,1909f56bfc062723c751e8b465ee728b)  -> (artifact id: 'fcc18f4dd41212af73950c5ea51621be') in 0.009293 seconds 
  Import took 0.012145 seconds .

========================================================================
Received Prepare
Registering precompiled user dll's ...
Registered in 0.001376 seconds.
Begin MonoManager ReloadAssembly
Native extension for WindowsStandalone target not found
Native extension for OSXStandalone target not found
Native extension for WebGL target not found
Refreshing native plugins compatible for Editor in 0.38 ms, found 3 plugins.
Preloading 0 native plugins for Editor in 0.00 ms.
Mono: successfully reloaded assembly
- Completed reload, in  0.755 seconds
Domain Reload Profiling:
	ReloadAssembly (755ms)
		BeginReloadAssembly (95ms)
			ExecutionOrderSort (0ms)
			DisableScriptedObjects (5ms)
			BackupInstance (0ms)
			ReleaseScriptingObjects (0ms)
			CreateAndSetChildDomain (29ms)
		EndReloadAssembly (615ms)
			LoadAssemblies (64ms)
			RebuildTransferFunctionScriptingTraits (0ms)
			SetupTypeCache (217ms)
			ReleaseScriptCaches (1ms)
			RebuildScriptCaches (36ms)
			SetupLoadedEditorAssemblies (218ms)
				LogAssemblyErrors (0ms)
				InitializePlatformSupportModulesInManaged (5ms)
				SetLoadedEditorAssemblies (0ms)
				RefreshPlugins (0ms)
				BeforeProcessingInitializeOnLoad (62ms)
				ProcessInitializeOnLoadAttributes (141ms)
				ProcessInitializeOnLoadMethodAttributes (4ms)
				AfterProcessingInitializeOnLoad (5ms)
				EditorAssembliesLoaded (0ms)
			ExecutionOrderSort2 (0ms)
			AwakeInstancesAfterBackupRestoration (8ms)
Platform modules already initialized, skipping
Refreshing native plugins compatible for Editor in 0.34 ms, found 3 plugins.
Preloading 0 native plugins for Editor in 0.00 ms.
Unloading 2081 Unused Serialized files (Serialized files now loaded: 0)
System memory in use before: 95.6 MB.
System memory in use after: 95.7 MB.

Unloading 14 unused Assets to reduce memory usage. Loaded Objects now: 2551.
Total: 2.296400 ms (FindLiveObjects: 0.142700 ms CreateObjectMapping: 0.051000 ms MarkObjects: 2.090200 ms  DeleteObjects: 0.011800 ms)

AssetImportParameters requested are different than current active one (requested -> active):
  custom:framework-win-MediaFoundation: 216162199b28c13a410421893ffa2e32 -> 
  custom:video-decoder-ogg-theora: a1e56fd34408186e4bbccfd4996cb3dc -> 
  custom:container-muxer-webm: aa71ff27fc2769a1b78a27578f13a17b -> 
  custom:container-demuxer-webm: 4f35f7cbe854078d1ac9338744f61a02 -> 
  custom:container-demuxer-ogg: 62fdf1f143b41e24485cea50d1cbac27 -> 
  custom:video-encoder-webm-vp8: eb34c28f22e8b96e1ab97ce403110664 -> 
  custom:video-decoder-webm-vp8: 9c59270c3fd7afecdb556c50c9e8de78 -> 
  custom:audio-decoder-ogg-vorbis: bf7c407c2cedff20999df2af8eb42d56 -> 
  custom:audio-encoder-webm-vorbis: bf7c407c2cedff20999df2af8eb42d56 -> 
AssetImportWorkerClient::OnTransportError - code=2 error=End of file
